<?xml version="1.0" encoding="UTF-8"?>
<testsuite name="exemple.AppTest" tests="2" skipped="0" failures="0" errors="0" timestamp="2020-05-05T15:05:35" hostname="DESKTOP-D7RGT2P" time="0.763">
  <properties/>
  <testcase name="smokeTest()" classname="exemple.AppTest" time="0.011"/>
  <testcase name="deepThoughtTest()" classname="exemple.AppTest" time="0.751"/>
  <system-out><![CDATA[]]></system-out>
  <system-err><![CDATA[]]></system-err>
</testsuite>
