<?xml version="1.0" encoding="UTF-8"?>
<testsuite name="be.ac.umons.michelsurin.pathfindingTest" tests="5" skipped="0" failures="0" errors="0" timestamp="2020-04-30T11:13:24" hostname="DESKTOP-D7RGT2P" time="0.039">
  <properties/>
  <testcase name="twoSamSizePath()" classname="be.ac.umons.michelsurin.pathfindingTest" time="0.01"/>
  <testcase name="indirectPath1()" classname="be.ac.umons.michelsurin.pathfindingTest" time="0.005"/>
  <testcase name="alreadyWon()" classname="be.ac.umons.michelsurin.pathfindingTest" time="0.009"/>
  <testcase name="directPath()" classname="be.ac.umons.michelsurin.pathfindingTest" time="0.003"/>
  <testcase name="oneStepToVictory()" classname="be.ac.umons.michelsurin.pathfindingTest" time="0.0"/>
  <system-out><![CDATA[]]></system-out>
  <system-err><![CDATA[]]></system-err>
</testsuite>
