<?xml version="1.0" encoding="UTF-8"?>
<testsuite name="be.ac.umons.michelsurin.canPlaceWallTest" tests="7" skipped="0" failures="0" errors="0" timestamp="2020-05-11T11:17:18" hostname="DESKTOP-D7RGT2P" time="0.069">
  <properties/>
  <testcase name="isThereAPath()" classname="be.ac.umons.michelsurin.canPlaceWallTest" time="0.015"/>
  <testcase name="wallOverlap1()" classname="be.ac.umons.michelsurin.canPlaceWallTest" time="0.002"/>
  <testcase name="betweenWalls1()" classname="be.ac.umons.michelsurin.canPlaceWallTest" time="0.001"/>
  <testcase name="betweenWalls2()" classname="be.ac.umons.michelsurin.canPlaceWallTest" time="0.001"/>
  <testcase name="canPlaceWall2P()" classname="be.ac.umons.michelsurin.canPlaceWallTest" time="0.012"/>
  <testcase name="isThereAPath2()" classname="be.ac.umons.michelsurin.canPlaceWallTest" time="0.03"/>
  <testcase name="isThereAPath3()" classname="be.ac.umons.michelsurin.canPlaceWallTest" time="0.002"/>
  <system-out><![CDATA[]]></system-out>
  <system-err><![CDATA[]]></system-err>
</testsuite>
