<?xml version="1.0" encoding="UTF-8"?>
<testsuite name="be.ac.umons.michelsurin.canPlaceWallTest" tests="5" skipped="0" failures="0" errors="0" timestamp="2020-04-30T14:46:54" hostname="DESKTOP-D7RGT2P" time="0.043">
  <properties/>
  <testcase name="isThereAPath()" classname="be.ac.umons.michelsurin.canPlaceWallTest" time="0.007"/>
  <testcase name="wallOverlap1()" classname="be.ac.umons.michelsurin.canPlaceWallTest" time="0.001"/>
  <testcase name="canPlaceWall2P()" classname="be.ac.umons.michelsurin.canPlaceWallTest" time="0.009"/>
  <testcase name="isThereAPath2()" classname="be.ac.umons.michelsurin.canPlaceWallTest" time="0.024"/>
  <testcase name="isThereAPath3()" classname="be.ac.umons.michelsurin.canPlaceWallTest" time="0.001"/>
  <system-out><![CDATA[]]></system-out>
  <system-err><![CDATA[]]></system-err>
</testsuite>
