<?xml version="1.0" encoding="UTF-8"?>
<testsuite name="be.ac.umons.michelsurin.canMoveTest" tests="5" skipped="0" failures="0" errors="0" timestamp="2020-05-12T13:25:11" hostname="DESKTOP-D7RGT2P" time="0.029">
  <properties/>
  <testcase name="canMoveCornerLD()" classname="be.ac.umons.michelsurin.canMoveTest" time="0.016"/>
  <testcase name="canMoveCornerLU()" classname="be.ac.umons.michelsurin.canMoveTest" time="0.003"/>
  <testcase name="canMoveCornerRD()" classname="be.ac.umons.michelsurin.canMoveTest" time="0.002"/>
  <testcase name="canMoveCornerRU()" classname="be.ac.umons.michelsurin.canMoveTest" time="0.002"/>
  <testcase name="cantMove()" classname="be.ac.umons.michelsurin.canMoveTest" time="0.002"/>
  <system-out><![CDATA[]]></system-out>
  <system-err><![CDATA[]]></system-err>
</testsuite>
