<?xml version="1.0" encoding="UTF-8"?>
<testsuite name="be.ac.umons.michelsurin.canPlaceWallTest" tests="7" skipped="0" failures="0" errors="0" timestamp="2020-05-05T10:24:55" hostname="DESKTOP-D7RGT2P" time="0.054">
  <properties/>
  <testcase name="isThereAPath()" classname="be.ac.umons.michelsurin.canPlaceWallTest" time="0.008"/>
  <testcase name="wallOverlap1()" classname="be.ac.umons.michelsurin.canPlaceWallTest" time="0.0"/>
  <testcase name="betweenWalls1()" classname="be.ac.umons.michelsurin.canPlaceWallTest" time="0.0"/>
  <testcase name="betweenWalls2()" classname="be.ac.umons.michelsurin.canPlaceWallTest" time="0.001"/>
  <testcase name="canPlaceWall2P()" classname="be.ac.umons.michelsurin.canPlaceWallTest" time="0.011"/>
  <testcase name="isThereAPath2()" classname="be.ac.umons.michelsurin.canPlaceWallTest" time="0.028"/>
  <testcase name="isThereAPath3()" classname="be.ac.umons.michelsurin.canPlaceWallTest" time="0.001"/>
  <system-out><![CDATA[]]></system-out>
  <system-err><![CDATA[]]></system-err>
</testsuite>
