<?xml version="1.0" encoding="UTF-8"?>
<testsuite name="pathfindingTest" tests="1" skipped="0" failures="0" errors="0" timestamp="2020-04-11T14:55:08" hostname="DESKTOP-D7RGT2P" time="0.031">
  <properties/>
  <testcase name="directPath()" classname="pathfindingTest" time="0.031"/>
  <system-out><![CDATA[[(8, 4), (7, 4), (6, 4), (5, 4), (4, 4), (3, 4), (2, 4), (1, 4)]]]></system-out>
  <system-err><![CDATA[]]></system-err>
</testsuite>
