<?xml version="1.0" encoding="UTF-8"?>
<testsuite name="be.ac.umons.michelsurin.pathfindingTest" tests="5" skipped="0" failures="0" errors="0" timestamp="2020-05-12T15:54:16" hostname="DESKTOP-D7RGT2P" time="0.008">
  <properties/>
  <testcase name="twoSamSizePath()" classname="be.ac.umons.michelsurin.pathfindingTest" time="0.002"/>
  <testcase name="indirectPath1()" classname="be.ac.umons.michelsurin.pathfindingTest" time="0.002"/>
  <testcase name="alreadyWon()" classname="be.ac.umons.michelsurin.pathfindingTest" time="0.0"/>
  <testcase name="directPath()" classname="be.ac.umons.michelsurin.pathfindingTest" time="0.002"/>
  <testcase name="oneStepToVictory()" classname="be.ac.umons.michelsurin.pathfindingTest" time="0.0"/>
  <system-out><![CDATA[]]></system-out>
  <system-err><![CDATA[]]></system-err>
</testsuite>
