<?xml version="1.0" encoding="UTF-8"?>
<testsuite name="toolsTest.CoordTest" tests="1" skipped="0" failures="0" errors="0" timestamp="2020-04-11T15:28:38" hostname="DESKTOP-D7RGT2P" time="0.001">
  <properties/>
  <testcase name="addition()" classname="toolsTest.CoordTest" time="0.001"/>
  <system-out><![CDATA[]]></system-out>
  <system-err><![CDATA[]]></system-err>
</testsuite>
