<?xml version="1.0" encoding="UTF-8"?>
<testsuite name="be.ac.umons.michelsurin.CoordTest" tests="2" skipped="0" failures="0" errors="0" timestamp="2020-05-12T15:54:16" hostname="DESKTOP-D7RGT2P" time="0.002">
  <properties/>
  <testcase name="addition()" classname="be.ac.umons.michelsurin.CoordTest" time="0.001"/>
  <testcase name="compareTest()" classname="be.ac.umons.michelsurin.CoordTest" time="0.001"/>
  <system-out><![CDATA[]]></system-out>
  <system-err><![CDATA[]]></system-err>
</testsuite>
