<?xml version="1.0" encoding="UTF-8"?>
<testsuite name="be.ac.umons.michelsurin.CoordTest" tests="1" skipped="0" failures="0" errors="0" timestamp="2020-04-20T16:56:18" hostname="DESKTOP-D7RGT2P" time="0.0">
  <properties/>
  <testcase name="addition()" classname="be.ac.umons.michelsurin.CoordTest" time="0.0"/>
  <system-out><![CDATA[]]></system-out>
  <system-err><![CDATA[]]></system-err>
</testsuite>
